<?xml version="1.0" encoding="UTF-8"?>
<testng-results skipped="0" failed="0" total="2" passed="2">
  <reporter-output>
  </reporter-output>
  <suite name="Suite" duration-ms="37740" started-at="2021-07-16T00:54:22Z" finished-at="2021-07-16T00:54:59Z">
    <groups>
    </groups>
    <test name="Test" duration-ms="37740" started-at="2021-07-16T00:54:22Z" finished-at="2021-07-16T00:54:59Z">
      <class name="com.actitime.testcase.DeleteCustomerTest">
        <test-method status="PASS" signature="setUp()[pri:0, instance:com.actitime.testcase.DeleteCustomerTest@3bfdc050]" name="setUp" is-config="true" duration-ms="7619" started-at="2021-07-16T06:24:39Z" finished-at="2021-07-16T06:24:47Z">
          <reporter-output>
          </reporter-output>
        </test-method> <!-- setUp -->
        <test-method status="PASS" signature="testDeleteCustomer()[pri:0, instance:com.actitime.testcase.DeleteCustomerTest@3bfdc050]" name="testDeleteCustomer" duration-ms="12207" started-at="2021-07-16T06:24:47Z" finished-at="2021-07-16T06:24:59Z">
          <reporter-output>
          </reporter-output>
        </test-method> <!-- testDeleteCustomer -->
        <test-method status="PASS" signature="tearDown(org.testng.ITestResult)[pri:0, instance:com.actitime.testcase.DeleteCustomerTest@3bfdc050]" name="tearDown" is-config="true" duration-ms="82" started-at="2021-07-16T06:24:59Z" finished-at="2021-07-16T06:24:59Z">
          <params>
            <param index="0">
              <value>
                <![CDATA[[TestResult name=testDeleteCustomer status=SUCCESS method=DeleteCustomerTest.testDeleteCustomer()[pri:0, instance:com.actitime.testcase.DeleteCustomerTest@3bfdc050] output={null}]]]>
              </value>
            </param>
          </params>
          <reporter-output>
          </reporter-output>
        </test-method> <!-- tearDown -->
      </class> <!-- com.actitime.testcase.DeleteCustomerTest -->
      <class name="com.actitime.testcase.CreateCustomerTest">
        <test-method status="PASS" signature="setupReport()[pri:0, instance:com.actitime.testcase.CreateCustomerTest@42d80b78]" name="setupReport" is-config="true" duration-ms="282" started-at="2021-07-16T06:24:21Z" finished-at="2021-07-16T06:24:22Z">
          <reporter-output>
          </reporter-output>
        </test-method> <!-- setupReport -->
        <test-method status="PASS" signature="setUp()[pri:0, instance:com.actitime.testcase.CreateCustomerTest@42d80b78]" name="setUp" is-config="true" duration-ms="8354" started-at="2021-07-16T06:24:22Z" finished-at="2021-07-16T06:24:30Z">
          <reporter-output>
          </reporter-output>
        </test-method> <!-- setUp -->
        <test-method status="PASS" signature="testCreateCustomer()[pri:0, instance:com.actitime.testcase.CreateCustomerTest@42d80b78]" name="testCreateCustomer" duration-ms="9362" started-at="2021-07-16T06:24:30Z" finished-at="2021-07-16T06:24:39Z">
          <reporter-output>
          </reporter-output>
        </test-method> <!-- testCreateCustomer -->
        <test-method status="PASS" signature="tearDown(org.testng.ITestResult)[pri:0, instance:com.actitime.testcase.CreateCustomerTest@42d80b78]" name="tearDown" is-config="true" duration-ms="87" started-at="2021-07-16T06:24:39Z" finished-at="2021-07-16T06:24:39Z">
          <params>
            <param index="0">
              <value>
                <![CDATA[[TestResult name=testCreateCustomer status=SUCCESS method=CreateCustomerTest.testCreateCustomer()[pri:0, instance:com.actitime.testcase.CreateCustomerTest@42d80b78] output={null}]]]>
              </value>
            </param>
          </params>
          <reporter-output>
          </reporter-output>
        </test-method> <!-- tearDown -->
        <test-method status="PASS" signature="reportflush()[pri:0, instance:com.actitime.testcase.CreateCustomerTest@42d80b78]" name="reportflush" is-config="true" duration-ms="442" started-at="2021-07-16T06:24:59Z" finished-at="2021-07-16T06:25:00Z">
          <reporter-output>
          </reporter-output>
        </test-method> <!-- reportflush -->
      </class> <!-- com.actitime.testcase.CreateCustomerTest -->
    </test> <!-- Test -->
  </suite> <!-- Suite -->
</testng-results>
